70354:C 03 Jul 15:14:23.804 # Warning: no config file specified, using the default config. In order to specify a config file use redis-server /path/to/redis.conf
70354:M 03 Jul 15:14:23.806 * Increased maximum number of open files to 10032 (it was originally set to 256).
                _._                                                  
           _.-``__ ''-._                                             
      _.-``    `.  `_.  ''-._           Redis 3.0.2 (00000000/0) 64 bit
  .-`` .-```.  ```\/    _.,_ ''-._                                   
 (    '      ,       .-`  | `,    )     Running in standalone mode
 |`-._`-...-` __...-.``-._|'` _.-'|     Port: 6379
 |    `-._   `._    /     _.-'    |     PID: 70354
  `-._    `-._  `-./  _.-'    _.-'                                   
 |`-._`-._    `-.__.-'    _.-'_.-'|                                  
 |    `-._`-._        _.-'_.-'    |           http://redis.io        
  `-._    `-._`-.__.-'_.-'    _.-'                                   
 |`-._`-._    `-.__.-'    _.-'_.-'|                                  
 |    `-._`-._        _.-'_.-'    |                                  
  `-._    `-._`-.__.-'_.-'    _.-'                                   
      `-._    `-.__.-'    _.-'                                       
          `-._        _.-'                                           
              `-.__.-'                                               

70354:M 03 Jul 15:14:23.809 # Server started, Redis version 3.0.2
70354:M 03 Jul 15:14:23.810 * The server is now ready to accept connections on port 6379
70354:signal-handler (1499241216) Received SIGTERM scheduling shutdown...
70354:M 05 Jul 08:53:36.528 # User requested shutdown...
70354:M 05 Jul 08:53:36.528 * Saving the final RDB snapshot before exiting.
70354:M 05 Jul 08:53:36.530 * DB saved on disk
70354:M 05 Jul 08:53:36.530 # Redis is now ready to exit, bye bye...
14693:C 10 Jul 15:20:27.884 # Warning: no config file specified, using the default config. In order to specify a config file use redis-server /path/to/redis.conf
14693:M 10 Jul 15:20:27.886 * Increased maximum number of open files to 10032 (it was originally set to 256).
                _._                                                  
           _.-``__ ''-._                                             
      _.-``    `.  `_.  ''-._           Redis 3.0.2 (00000000/0) 64 bit
  .-`` .-```.  ```\/    _.,_ ''-._                                   
 (    '      ,       .-`  | `,    )     Running in standalone mode
 |`-._`-...-` __...-.``-._|'` _.-'|     Port: 6379
 |    `-._   `._    /     _.-'    |     PID: 14693
  `-._    `-._  `-./  _.-'    _.-'                                   
 |`-._`-._    `-.__.-'    _.-'_.-'|                                  
 |    `-._`-._        _.-'_.-'    |           http://redis.io        
  `-._    `-._`-.__.-'_.-'    _.-'                                   
 |`-._`-._    `-.__.-'    _.-'_.-'|                                  
 |    `-._`-._        _.-'_.-'    |                                  
  `-._    `-._`-.__.-'_.-'    _.-'                                   
      `-._    `-.__.-'    _.-'                                       
          `-._        _.-'                                           
              `-.__.-'                                               

14693:M 10 Jul 15:20:27.889 # Server started, Redis version 3.0.2
14693:M 10 Jul 15:20:27.890 * DB loaded from disk: 0.000 seconds
14693:M 10 Jul 15:20:27.890 * The server is now ready to accept connections on port 6379
16420:C 11 Jul 11:53:57.293 # Warning: no config file specified, using the default config. In order to specify a config file use redis-server /path/to/redis.conf
16420:M 11 Jul 11:53:57.294 * Increased maximum number of open files to 10032 (it was originally set to 256).
                _._                                                  
           _.-``__ ''-._                                             
      _.-``    `.  `_.  ''-._           Redis 3.0.2 (00000000/0) 64 bit
  .-`` .-```.  ```\/    _.,_ ''-._                                   
 (    '      ,       .-`  | `,    )     Running in standalone mode
 |`-._`-...-` __...-.``-._|'` _.-'|     Port: 6379
 |    `-._   `._    /     _.-'    |     PID: 16420
  `-._    `-._  `-./  _.-'    _.-'                                   
 |`-._`-._    `-.__.-'    _.-'_.-'|                                  
 |    `-._`-._        _.-'_.-'    |           http://redis.io        
  `-._    `-._`-.__.-'_.-'    _.-'                                   
 |`-._`-._    `-.__.-'    _.-'_.-'|                                  
 |    `-._`-._        _.-'_.-'    |                                  
  `-._    `-._`-.__.-'_.-'    _.-'                                   
      `-._    `-.__.-'    _.-'                                       
          `-._        _.-'                                           
              `-.__.-'                                               

16420:M 11 Jul 11:53:57.297 # Server started, Redis version 3.0.2
16420:M 11 Jul 11:53:57.297 * DB loaded from disk: 0.000 seconds
16420:M 11 Jul 11:53:57.297 * The server is now ready to accept connections on port 6379
16420:M 11 Jul 12:14:32.914 * 100 changes in 300 seconds. Saving...
16420:M 11 Jul 12:14:32.914 * Background saving started by pid 17561
17561:C 11 Jul 12:14:32.916 * DB saved on disk
16420:M 11 Jul 12:14:33.019 * Background saving terminated with success
16420:M 11 Jul 12:19:38.083 * 100 changes in 300 seconds. Saving...
16420:M 11 Jul 12:19:38.084 * Background saving started by pid 17716
17716:C 11 Jul 12:19:38.086 * DB saved on disk
16420:M 11 Jul 12:19:38.189 * Background saving terminated with success
